<?xml version="1.0" encoding="UTF-8"?>
<!-- Generated by org.testng.reporters.JUnitReportReporter -->
<testsuite hostname="deepasarathy" failures="0" tests="1" name="com.experitest.auto.IOSDemoTest" time="0.001" errors="1" timestamp="23 May 2019 12:11:32 GMT">
  <testcase classname="com.experitest.auto.IOSDemoTest" name="test" time="0.001">
    <error message="The method lockDeviceForExecution failed with error: &#039;Cannot lock device for execution. Test name: IOSDemoTest Search device query: @os=&#039;ios&#039;Details: No devices were found that match the query: @os=&#039;ios&#039;&#039;" type="com.experitest.client.InternalException">
      <![CDATA[com.experitest.client.InternalException: The method lockDeviceForExecution failed with error: 'Cannot lock device for execution. Test name: IOSDemoTest Search device query: @os='ios'Details: No devices were found that match the query: @os='ios''
	at com.experitest.client.GridClient.lockDeviceForExecution(GridClient.java:419)
	at com.experitest.client.GridClient.lockDeviceForExecution(GridClient.java:229)
	at com.experitest.auto.BaseTest.init(BaseTest.java:36)
	at com.experitest.auto.IOSDemoTest.setUp(IOSDemoTest.java:12)
	at java.base/jdk.internal.reflect.NativeMethodAccessorImpl.invoke0(Native Method)
	at java.base/jdk.internal.reflect.NativeMethodAccessorImpl.invoke(NativeMethodAccessorImpl.java:62)
	at java.base/jdk.internal.reflect.DelegatingMethodAccessorImpl.invoke(DelegatingMethodAccessorImpl.java:43)
	at java.base/java.lang.reflect.Method.invoke(Method.java:567)
	at org.testng.internal.MethodInvocationHelper.invokeMethod(MethodInvocationHelper.java:86)
	at org.testng.internal.Invoker.invokeConfigurationMethod(Invoker.java:514)
	at org.testng.internal.Invoker.invokeConfigurations(Invoker.java:215)
	at org.testng.internal.Invoker.invokeMethod(Invoker.java:589)
	at org.testng.internal.Invoker.invokeTestMethod(Invoker.java:820)
	at org.testng.internal.Invoker.invokeTestMethods(Invoker.java:1128)
	at org.testng.internal.TestMethodWorker.invokeTestMethods(TestMethodWorker.java:129)
	at org.testng.internal.TestMethodWorker.run(TestMethodWorker.java:112)
	at org.testng.TestRunner.privateRun(TestRunner.java:782)
	at org.testng.TestRunner.run(TestRunner.java:632)
	at org.testng.SuiteRunner.runTest(SuiteRunner.java:366)
	at org.testng.SuiteRunner.access$000(SuiteRunner.java:39)
	at org.testng.SuiteRunner$SuiteWorker.run(SuiteRunner.java:400)
	at org.testng.internal.thread.ThreadUtil$2.call(ThreadUtil.java:64)
	at java.base/java.util.concurrent.FutureTask.run(FutureTask.java:264)
	at java.base/java.util.concurrent.ThreadPoolExecutor.runWorker(ThreadPoolExecutor.java:1128)
	at java.base/java.util.concurrent.ThreadPoolExecutor$Worker.run(ThreadPoolExecutor.java:628)
	at java.base/java.lang.Thread.run(Thread.java:835)
]]>
    </error>
  </testcase> <!-- test -->
</testsuite> <!-- com.experitest.auto.IOSDemoTest -->
